Determining if the pthread_create exist failed with the following output:
Change Dir: /home/davincic2/dvrk_ws/build/CMakeFiles/CMakeTmp

Run Build Command:/usr/bin/make "cmTryCompileExec3986922198/fast"
/usr/bin/make -f CMakeFiles/cmTryCompileExec3986922198.dir/build.make CMakeFiles/cmTryCompileExec3986922198.dir/build
make[1]: Entering directory `/home/davincic2/dvrk_ws/build/CMakeFiles/CMakeTmp'
/usr/bin/cmake -E cmake_progress_report /home/davincic2/dvrk_ws/build/CMakeFiles/CMakeTmp/CMakeFiles 1
Building C object CMakeFiles/cmTryCompileExec3986922198.dir/CheckSymbolExists.c.o
/usr/bin/cc    -o CMakeFiles/cmTryCompileExec3986922198.dir/CheckSymbolExists.c.o   -c /home/davincic2/dvrk_ws/build/CMakeFiles/CMakeTmp/CheckSymbolExists.c
Linking C executable cmTryCompileExec3986922198
/usr/bin/cmake -E cmake_link_script CMakeFiles/cmTryCompileExec3986922198.dir/link.txt --verbose=1
/usr/bin/cc       CMakeFiles/cmTryCompileExec3986922198.dir/CheckSymbolExists.c.o  -o cmTryCompileExec3986922198 -rdynamic 
CMakeFiles/cmTryCompileExec3986922198.dir/CheckSymbolExists.c.o: In function `main':
CheckSymbolExists.c:(.text+0x16): undefined reference to `pthread_create'
collect2: error: ld returned 1 exit status
make[1]: Leaving directory `/home/davincic2/dvrk_ws/build/CMakeFiles/CMakeTmp'
make[1]: *** [cmTryCompileExec3986922198] Error 1
make: *** [cmTryCompileExec3986922198/fast] Error 2

File /home/davincic2/dvrk_ws/build/CMakeFiles/CMakeTmp/CheckSymbolExists.c:
/* */
#include <pthread.h>

int main(int argc, char** argv)
{
  (void)argv;
#ifndef pthread_create
  return ((int*)(&pthread_create))[argc];
#else
  (void)argc;
  return 0;
#endif
}

Determining if the function pthread_create exists in the pthreads failed with the following output:
Change Dir: /home/davincic2/dvrk_ws/build/CMakeFiles/CMakeTmp

Run Build Command:/usr/bin/make "cmTryCompileExec3177692661/fast"
/usr/bin/make -f CMakeFiles/cmTryCompileExec3177692661.dir/build.make CMakeFiles/cmTryCompileExec3177692661.dir/build
make[1]: Entering directory `/home/davincic2/dvrk_ws/build/CMakeFiles/CMakeTmp'
/usr/bin/cmake -E cmake_progress_report /home/davincic2/dvrk_ws/build/CMakeFiles/CMakeTmp/CMakeFiles 1
Building C object CMakeFiles/cmTryCompileExec3177692661.dir/CheckFunctionExists.c.o
/usr/bin/cc   -DCHECK_FUNCTION_EXISTS=pthread_create   -o CMakeFiles/cmTryCompileExec3177692661.dir/CheckFunctionExists.c.o   -c /usr/share/cmake-2.8/Modules/CheckFunctionExists.c
Linking C executable cmTryCompileExec3177692661
/usr/bin/cmake -E cmake_link_script CMakeFiles/cmTryCompileExec3177692661.dir/link.txt --verbose=1
/usr/bin/cc   -DCHECK_FUNCTION_EXISTS=pthread_create    CMakeFiles/cmTryCompileExec3177692661.dir/CheckFunctionExists.c.o  -o cmTryCompileExec3177692661 -rdynamic -lpthreads 
/usr/bin/ld: cannot find -lpthreads
collect2: error: ld returned 1 exit status
make[1]: Leaving directory `/home/davincic2/dvrk_ws/build/CMakeFiles/CMakeTmp'
make[1]: *** [cmTryCompileExec3177692661] Error 1
make: *** [cmTryCompileExec3177692661/fast] Error 2


