Determining if the pthread_create exist failed with the following output:
Change Dir: /home/davincic2/catkin_ws/build_debug/cisst_conversions/CMakeFiles/CMakeTmp

Run Build Command:/usr/bin/make "cmTryCompileExec3861375571/fast"
/usr/bin/make -f CMakeFiles/cmTryCompileExec3861375571.dir/build.make CMakeFiles/cmTryCompileExec3861375571.dir/build
make[1]: Entering directory `/home/davincic2/catkin_ws/build_debug/cisst_conversions/CMakeFiles/CMakeTmp'
/usr/bin/cmake -E cmake_progress_report /home/davincic2/catkin_ws/build_debug/cisst_conversions/CMakeFiles/CMakeTmp/CMakeFiles 1
Building C object CMakeFiles/cmTryCompileExec3861375571.dir/CheckSymbolExists.c.o
/usr/bin/cc    -o CMakeFiles/cmTryCompileExec3861375571.dir/CheckSymbolExists.c.o   -c /home/davincic2/catkin_ws/build_debug/cisst_conversions/CMakeFiles/CMakeTmp/CheckSymbolExists.c
Linking C executable cmTryCompileExec3861375571
/usr/bin/cmake -E cmake_link_script CMakeFiles/cmTryCompileExec3861375571.dir/link.txt --verbose=1
/usr/bin/cc       CMakeFiles/cmTryCompileExec3861375571.dir/CheckSymbolExists.c.o  -o cmTryCompileExec3861375571 -rdynamic 
CMakeFiles/cmTryCompileExec3861375571.dir/CheckSymbolExists.c.o: In function `main':
CheckSymbolExists.c:(.text+0x16): undefined reference to `pthread_create'
collect2: error: ld returned 1 exit status
make[1]: *** [cmTryCompileExec3861375571] Error 1
make[1]: Leaving directory `/home/davincic2/catkin_ws/build_debug/cisst_conversions/CMakeFiles/CMakeTmp'
make: *** [cmTryCompileExec3861375571/fast] Error 2

File /home/davincic2/catkin_ws/build_debug/cisst_conversions/CMakeFiles/CMakeTmp/CheckSymbolExists.c:
/* */
#include <pthread.h>

int main(int argc, char** argv)
{
  (void)argv;
#ifndef pthread_create
  return ((int*)(&pthread_create))[argc];
#else
  (void)argc;
  return 0;
#endif
}

Determining if the function pthread_create exists in the pthreads failed with the following output:
Change Dir: /home/davincic2/catkin_ws/build_debug/cisst_conversions/CMakeFiles/CMakeTmp

Run Build Command:/usr/bin/make "cmTryCompileExec3332181230/fast"
/usr/bin/make -f CMakeFiles/cmTryCompileExec3332181230.dir/build.make CMakeFiles/cmTryCompileExec3332181230.dir/build
make[1]: Entering directory `/home/davincic2/catkin_ws/build_debug/cisst_conversions/CMakeFiles/CMakeTmp'
/usr/bin/cmake -E cmake_progress_report /home/davincic2/catkin_ws/build_debug/cisst_conversions/CMakeFiles/CMakeTmp/CMakeFiles 1
Building C object CMakeFiles/cmTryCompileExec3332181230.dir/CheckFunctionExists.c.o
/usr/bin/cc   -DCHECK_FUNCTION_EXISTS=pthread_create   -o CMakeFiles/cmTryCompileExec3332181230.dir/CheckFunctionExists.c.o   -c /usr/share/cmake-2.8/Modules/CheckFunctionExists.c
Linking C executable cmTryCompileExec3332181230
/usr/bin/cmake -E cmake_link_script CMakeFiles/cmTryCompileExec3332181230.dir/link.txt --verbose=1
/usr/bin/cc   -DCHECK_FUNCTION_EXISTS=pthread_create    CMakeFiles/cmTryCompileExec3332181230.dir/CheckFunctionExists.c.o  -o cmTryCompileExec3332181230 -rdynamic -lpthreads 
/usr/bin/ld: cannot find -lpthreads
collect2: error: ld returned 1 exit status
make[1]: Leaving directory `/home/davincic2/catkin_ws/build_debug/cisst_conversions/CMakeFiles/CMakeTmp'
make[1]: *** [cmTryCompileExec3332181230] Error 1
make: *** [cmTryCompileExec3332181230/fast] Error 2


