Determining if the pthread_create exist failed with the following output:
Change Dir: /home/davincic2/catkin_ws/build_release/dvrk_model/CMakeFiles/CMakeTmp

Run Build Command:/usr/bin/make "cmTryCompileExec2240636175/fast"
/usr/bin/make -f CMakeFiles/cmTryCompileExec2240636175.dir/build.make CMakeFiles/cmTryCompileExec2240636175.dir/build
make[1]: Entering directory `/home/davincic2/catkin_ws/build_release/dvrk_model/CMakeFiles/CMakeTmp'
/usr/bin/cmake -E cmake_progress_report /home/davincic2/catkin_ws/build_release/dvrk_model/CMakeFiles/CMakeTmp/CMakeFiles 1
Building C object CMakeFiles/cmTryCompileExec2240636175.dir/CheckSymbolExists.c.o
/usr/bin/cc    -o CMakeFiles/cmTryCompileExec2240636175.dir/CheckSymbolExists.c.o   -c /home/davincic2/catkin_ws/build_release/dvrk_model/CMakeFiles/CMakeTmp/CheckSymbolExists.c
Linking C executable cmTryCompileExec2240636175
/usr/bin/cmake -E cmake_link_script CMakeFiles/cmTryCompileExec2240636175.dir/link.txt --verbose=1
/usr/bin/cc       CMakeFiles/cmTryCompileExec2240636175.dir/CheckSymbolExists.c.o  -o cmTryCompileExec2240636175 -rdynamic 
CMakeFiles/cmTryCompileExec2240636175.dir/CheckSymbolExists.c.o: In function `main':
CheckSymbolExists.c:(.text+0x16): undefined reference to `pthread_create'
collect2: error: ld returned 1 exit status
make[1]: *** [cmTryCompileExec2240636175] Error 1
make[1]: Leaving directory `/home/davincic2/catkin_ws/build_release/dvrk_model/CMakeFiles/CMakeTmp'
make: *** [cmTryCompileExec2240636175/fast] Error 2

File /home/davincic2/catkin_ws/build_release/dvrk_model/CMakeFiles/CMakeTmp/CheckSymbolExists.c:
/* */
#include <pthread.h>

int main(int argc, char** argv)
{
  (void)argv;
#ifndef pthread_create
  return ((int*)(&pthread_create))[argc];
#else
  (void)argc;
  return 0;
#endif
}

Determining if the function pthread_create exists in the pthreads failed with the following output:
Change Dir: /home/davincic2/catkin_ws/build_release/dvrk_model/CMakeFiles/CMakeTmp

Run Build Command:/usr/bin/make "cmTryCompileExec2805054488/fast"
/usr/bin/make -f CMakeFiles/cmTryCompileExec2805054488.dir/build.make CMakeFiles/cmTryCompileExec2805054488.dir/build
make[1]: Entering directory `/home/davincic2/catkin_ws/build_release/dvrk_model/CMakeFiles/CMakeTmp'
/usr/bin/cmake -E cmake_progress_report /home/davincic2/catkin_ws/build_release/dvrk_model/CMakeFiles/CMakeTmp/CMakeFiles 1
Building C object CMakeFiles/cmTryCompileExec2805054488.dir/CheckFunctionExists.c.o
/usr/bin/cc   -DCHECK_FUNCTION_EXISTS=pthread_create   -o CMakeFiles/cmTryCompileExec2805054488.dir/CheckFunctionExists.c.o   -c /usr/share/cmake-2.8/Modules/CheckFunctionExists.c
Linking C executable cmTryCompileExec2805054488
/usr/bin/cmake -E cmake_link_script CMakeFiles/cmTryCompileExec2805054488.dir/link.txt --verbose=1
/usr/bin/cc   -DCHECK_FUNCTION_EXISTS=pthread_create    CMakeFiles/cmTryCompileExec2805054488.dir/CheckFunctionExists.c.o  -o cmTryCompileExec2805054488 -rdynamic -lpthreads 
/usr/bin/ld: cannot find -lpthreads
collect2: error: ld returned 1 exit status
make[1]: *** [cmTryCompileExec2805054488] Error 1
make[1]: Leaving directory `/home/davincic2/catkin_ws/build_release/dvrk_model/CMakeFiles/CMakeTmp'
make: *** [cmTryCompileExec2805054488/fast] Error 2


