Determining if the pthread_create exist failed with the following output:
Change Dir: /home/davincic2/catkin_ws/build_debug/cisst_msgs/CMakeFiles/CMakeTmp

Run Build Command:/usr/bin/make "cmTryCompileExec3577662579/fast"
/usr/bin/make -f CMakeFiles/cmTryCompileExec3577662579.dir/build.make CMakeFiles/cmTryCompileExec3577662579.dir/build
make[1]: Entering directory `/home/davincic2/catkin_ws/build_debug/cisst_msgs/CMakeFiles/CMakeTmp'
/usr/bin/cmake -E cmake_progress_report /home/davincic2/catkin_ws/build_debug/cisst_msgs/CMakeFiles/CMakeTmp/CMakeFiles 1
Building C object CMakeFiles/cmTryCompileExec3577662579.dir/CheckSymbolExists.c.o
/usr/bin/cc    -o CMakeFiles/cmTryCompileExec3577662579.dir/CheckSymbolExists.c.o   -c /home/davincic2/catkin_ws/build_debug/cisst_msgs/CMakeFiles/CMakeTmp/CheckSymbolExists.c
Linking C executable cmTryCompileExec3577662579
/usr/bin/cmake -E cmake_link_script CMakeFiles/cmTryCompileExec3577662579.dir/link.txt --verbose=1
/usr/bin/cc       CMakeFiles/cmTryCompileExec3577662579.dir/CheckSymbolExists.c.o  -o cmTryCompileExec3577662579 -rdynamic 
CMakeFiles/cmTryCompileExec3577662579.dir/CheckSymbolExists.c.o: In function `main':
CheckSymbolExists.c:(.text+0x16): undefined reference to `pthread_create'
collect2: error: ld returned 1 exit status
make[1]: Leaving directory `/home/davincic2/catkin_ws/build_debug/cisst_msgs/CMakeFiles/CMakeTmp'
make[1]: *** [cmTryCompileExec3577662579] Error 1
make: *** [cmTryCompileExec3577662579/fast] Error 2

File /home/davincic2/catkin_ws/build_debug/cisst_msgs/CMakeFiles/CMakeTmp/CheckSymbolExists.c:
/* */
#include <pthread.h>

int main(int argc, char** argv)
{
  (void)argv;
#ifndef pthread_create
  return ((int*)(&pthread_create))[argc];
#else
  (void)argc;
  return 0;
#endif
}

Determining if the function pthread_create exists in the pthreads failed with the following output:
Change Dir: /home/davincic2/catkin_ws/build_debug/cisst_msgs/CMakeFiles/CMakeTmp

Run Build Command:/usr/bin/make "cmTryCompileExec3304672554/fast"
/usr/bin/make -f CMakeFiles/cmTryCompileExec3304672554.dir/build.make CMakeFiles/cmTryCompileExec3304672554.dir/build
make[1]: Entering directory `/home/davincic2/catkin_ws/build_debug/cisst_msgs/CMakeFiles/CMakeTmp'
/usr/bin/cmake -E cmake_progress_report /home/davincic2/catkin_ws/build_debug/cisst_msgs/CMakeFiles/CMakeTmp/CMakeFiles 1
Building C object CMakeFiles/cmTryCompileExec3304672554.dir/CheckFunctionExists.c.o
/usr/bin/cc   -DCHECK_FUNCTION_EXISTS=pthread_create   -o CMakeFiles/cmTryCompileExec3304672554.dir/CheckFunctionExists.c.o   -c /usr/share/cmake-2.8/Modules/CheckFunctionExists.c
Linking C executable cmTryCompileExec3304672554
/usr/bin/cmake -E cmake_link_script CMakeFiles/cmTryCompileExec3304672554.dir/link.txt --verbose=1
/usr/bin/cc   -DCHECK_FUNCTION_EXISTS=pthread_create    CMakeFiles/cmTryCompileExec3304672554.dir/CheckFunctionExists.c.o  -o cmTryCompileExec3304672554 -rdynamic -lpthreads 
/usr/bin/ld: cannot find -lpthreads
collect2: error: ld returned 1 exit status
make[1]: *** [cmTryCompileExec3304672554] Error 1
make[1]: Leaving directory `/home/davincic2/catkin_ws/build_debug/cisst_msgs/CMakeFiles/CMakeTmp'
make: *** [cmTryCompileExec3304672554/fast] Error 2


