Determining if the pthread_create exist failed with the following output:
Change Dir: /home/davincic2/catkin_ws/build_release/catkin_tools_prebuild/CMakeFiles/CMakeTmp

Run Build Command:/usr/bin/make "cmTryCompileExec4281951559/fast"
/usr/bin/make -f CMakeFiles/cmTryCompileExec4281951559.dir/build.make CMakeFiles/cmTryCompileExec4281951559.dir/build
make[1]: Entering directory `/home/davincic2/catkin_ws/build_release/catkin_tools_prebuild/CMakeFiles/CMakeTmp'
/usr/bin/cmake -E cmake_progress_report /home/davincic2/catkin_ws/build_release/catkin_tools_prebuild/CMakeFiles/CMakeTmp/CMakeFiles 1
Building C object CMakeFiles/cmTryCompileExec4281951559.dir/CheckSymbolExists.c.o
/usr/bin/cc    -o CMakeFiles/cmTryCompileExec4281951559.dir/CheckSymbolExists.c.o   -c /home/davincic2/catkin_ws/build_release/catkin_tools_prebuild/CMakeFiles/CMakeTmp/CheckSymbolExists.c
Linking C executable cmTryCompileExec4281951559
/usr/bin/cmake -E cmake_link_script CMakeFiles/cmTryCompileExec4281951559.dir/link.txt --verbose=1
/usr/bin/cc       CMakeFiles/cmTryCompileExec4281951559.dir/CheckSymbolExists.c.o  -o cmTryCompileExec4281951559 -rdynamic 
CMakeFiles/cmTryCompileExec4281951559.dir/CheckSymbolExists.c.o: In function `main':
CheckSymbolExists.c:(.text+0x16): undefined reference to `pthread_create'
collect2: error: ld returned 1 exit status
make[1]: Leaving directory `/home/davincic2/catkin_ws/build_release/catkin_tools_prebuild/CMakeFiles/CMakeTmp'
make[1]: *** [cmTryCompileExec4281951559] Error 1
make: *** [cmTryCompileExec4281951559/fast] Error 2

File /home/davincic2/catkin_ws/build_release/catkin_tools_prebuild/CMakeFiles/CMakeTmp/CheckSymbolExists.c:
/* */
#include <pthread.h>

int main(int argc, char** argv)
{
  (void)argv;
#ifndef pthread_create
  return ((int*)(&pthread_create))[argc];
#else
  (void)argc;
  return 0;
#endif
}

Determining if the function pthread_create exists in the pthreads failed with the following output:
Change Dir: /home/davincic2/catkin_ws/build_release/catkin_tools_prebuild/CMakeFiles/CMakeTmp

Run Build Command:/usr/bin/make "cmTryCompileExec4207414642/fast"
/usr/bin/make -f CMakeFiles/cmTryCompileExec4207414642.dir/build.make CMakeFiles/cmTryCompileExec4207414642.dir/build
make[1]: Entering directory `/home/davincic2/catkin_ws/build_release/catkin_tools_prebuild/CMakeFiles/CMakeTmp'
/usr/bin/cmake -E cmake_progress_report /home/davincic2/catkin_ws/build_release/catkin_tools_prebuild/CMakeFiles/CMakeTmp/CMakeFiles 1
Building C object CMakeFiles/cmTryCompileExec4207414642.dir/CheckFunctionExists.c.o
/usr/bin/cc   -DCHECK_FUNCTION_EXISTS=pthread_create   -o CMakeFiles/cmTryCompileExec4207414642.dir/CheckFunctionExists.c.o   -c /usr/share/cmake-2.8/Modules/CheckFunctionExists.c
Linking C executable cmTryCompileExec4207414642
/usr/bin/cmake -E cmake_link_script CMakeFiles/cmTryCompileExec4207414642.dir/link.txt --verbose=1
/usr/bin/cc   -DCHECK_FUNCTION_EXISTS=pthread_create    CMakeFiles/cmTryCompileExec4207414642.dir/CheckFunctionExists.c.o  -o cmTryCompileExec4207414642 -rdynamic -lpthreads 
/usr/bin/ld: cannot find -lpthreads
collect2: error: ld returned 1 exit status
make[1]: Leaving directory `/home/davincic2/catkin_ws/build_release/catkin_tools_prebuild/CMakeFiles/CMakeTmp'
make[1]: *** [cmTryCompileExec4207414642] Error 1
make: *** [cmTryCompileExec4207414642/fast] Error 2


