Determining if the pthread_create exist failed with the following output:
Change Dir: /home/davincic2/catkin_ws/build_release/dvrk_config/CMakeFiles/CMakeTmp

Run Build Command:/usr/bin/make "cmTryCompileExec1221784869/fast"
/usr/bin/make -f CMakeFiles/cmTryCompileExec1221784869.dir/build.make CMakeFiles/cmTryCompileExec1221784869.dir/build
make[1]: Entering directory `/home/davincic2/catkin_ws/build_release/dvrk_config/CMakeFiles/CMakeTmp'
/usr/bin/cmake -E cmake_progress_report /home/davincic2/catkin_ws/build_release/dvrk_config/CMakeFiles/CMakeTmp/CMakeFiles 1
Building C object CMakeFiles/cmTryCompileExec1221784869.dir/CheckSymbolExists.c.o
/usr/bin/cc    -o CMakeFiles/cmTryCompileExec1221784869.dir/CheckSymbolExists.c.o   -c /home/davincic2/catkin_ws/build_release/dvrk_config/CMakeFiles/CMakeTmp/CheckSymbolExists.c
Linking C executable cmTryCompileExec1221784869
/usr/bin/cmake -E cmake_link_script CMakeFiles/cmTryCompileExec1221784869.dir/link.txt --verbose=1
/usr/bin/cc       CMakeFiles/cmTryCompileExec1221784869.dir/CheckSymbolExists.c.o  -o cmTryCompileExec1221784869 -rdynamic 
CMakeFiles/cmTryCompileExec1221784869.dir/CheckSymbolExists.c.o: In function `main':
CheckSymbolExists.c:(.text+0x16): undefined reference to `pthread_create'
collect2: error: ld returned 1 exit status
make[1]: *** [cmTryCompileExec1221784869] Error 1
make[1]: Leaving directory `/home/davincic2/catkin_ws/build_release/dvrk_config/CMakeFiles/CMakeTmp'
make: *** [cmTryCompileExec1221784869/fast] Error 2

File /home/davincic2/catkin_ws/build_release/dvrk_config/CMakeFiles/CMakeTmp/CheckSymbolExists.c:
/* */
#include <pthread.h>

int main(int argc, char** argv)
{
  (void)argv;
#ifndef pthread_create
  return ((int*)(&pthread_create))[argc];
#else
  (void)argc;
  return 0;
#endif
}

Determining if the function pthread_create exists in the pthreads failed with the following output:
Change Dir: /home/davincic2/catkin_ws/build_release/dvrk_config/CMakeFiles/CMakeTmp

Run Build Command:/usr/bin/make "cmTryCompileExec907838365/fast"
/usr/bin/make -f CMakeFiles/cmTryCompileExec907838365.dir/build.make CMakeFiles/cmTryCompileExec907838365.dir/build
make[1]: Entering directory `/home/davincic2/catkin_ws/build_release/dvrk_config/CMakeFiles/CMakeTmp'
/usr/bin/cmake -E cmake_progress_report /home/davincic2/catkin_ws/build_release/dvrk_config/CMakeFiles/CMakeTmp/CMakeFiles 1
Building C object CMakeFiles/cmTryCompileExec907838365.dir/CheckFunctionExists.c.o
/usr/bin/cc   -DCHECK_FUNCTION_EXISTS=pthread_create   -o CMakeFiles/cmTryCompileExec907838365.dir/CheckFunctionExists.c.o   -c /usr/share/cmake-2.8/Modules/CheckFunctionExists.c
Linking C executable cmTryCompileExec907838365
/usr/bin/cmake -E cmake_link_script CMakeFiles/cmTryCompileExec907838365.dir/link.txt --verbose=1
/usr/bin/cc   -DCHECK_FUNCTION_EXISTS=pthread_create    CMakeFiles/cmTryCompileExec907838365.dir/CheckFunctionExists.c.o  -o cmTryCompileExec907838365 -rdynamic -lpthreads 
/usr/bin/ld: cannot find -lpthreads
collect2: error: ld returned 1 exit status
make[1]: *** [cmTryCompileExec907838365] Error 1
make[1]: Leaving directory `/home/davincic2/catkin_ws/build_release/dvrk_config/CMakeFiles/CMakeTmp'
make: *** [cmTryCompileExec907838365/fast] Error 2


