Determining if the pthread_create exist failed with the following output:
Change Dir: /home/davincic2/catkin_ws/build_debug/catkin_tools_prebuild/CMakeFiles/CMakeTmp

Run Build Command:/usr/bin/make "cmTryCompileExec1672620880/fast"
/usr/bin/make -f CMakeFiles/cmTryCompileExec1672620880.dir/build.make CMakeFiles/cmTryCompileExec1672620880.dir/build
make[1]: Entering directory `/home/davincic2/catkin_ws/build_debug/catkin_tools_prebuild/CMakeFiles/CMakeTmp'
/usr/bin/cmake -E cmake_progress_report /home/davincic2/catkin_ws/build_debug/catkin_tools_prebuild/CMakeFiles/CMakeTmp/CMakeFiles 1
Building C object CMakeFiles/cmTryCompileExec1672620880.dir/CheckSymbolExists.c.o
/usr/bin/cc    -o CMakeFiles/cmTryCompileExec1672620880.dir/CheckSymbolExists.c.o   -c /home/davincic2/catkin_ws/build_debug/catkin_tools_prebuild/CMakeFiles/CMakeTmp/CheckSymbolExists.c
Linking C executable cmTryCompileExec1672620880
/usr/bin/cmake -E cmake_link_script CMakeFiles/cmTryCompileExec1672620880.dir/link.txt --verbose=1
/usr/bin/cc       CMakeFiles/cmTryCompileExec1672620880.dir/CheckSymbolExists.c.o  -o cmTryCompileExec1672620880 -rdynamic 
CMakeFiles/cmTryCompileExec1672620880.dir/CheckSymbolExists.c.o: In function `main':
CheckSymbolExists.c:(.text+0x16): undefined reference to `pthread_create'
collect2: error: ld returned 1 exit status
make[1]: Leaving directory `/home/davincic2/catkin_ws/build_debug/catkin_tools_prebuild/CMakeFiles/CMakeTmp'
make[1]: *** [cmTryCompileExec1672620880] Error 1
make: *** [cmTryCompileExec1672620880/fast] Error 2

File /home/davincic2/catkin_ws/build_debug/catkin_tools_prebuild/CMakeFiles/CMakeTmp/CheckSymbolExists.c:
/* */
#include <pthread.h>

int main(int argc, char** argv)
{
  (void)argv;
#ifndef pthread_create
  return ((int*)(&pthread_create))[argc];
#else
  (void)argc;
  return 0;
#endif
}

Determining if the function pthread_create exists in the pthreads failed with the following output:
Change Dir: /home/davincic2/catkin_ws/build_debug/catkin_tools_prebuild/CMakeFiles/CMakeTmp

Run Build Command:/usr/bin/make "cmTryCompileExec2192614256/fast"
/usr/bin/make -f CMakeFiles/cmTryCompileExec2192614256.dir/build.make CMakeFiles/cmTryCompileExec2192614256.dir/build
make[1]: Entering directory `/home/davincic2/catkin_ws/build_debug/catkin_tools_prebuild/CMakeFiles/CMakeTmp'
/usr/bin/cmake -E cmake_progress_report /home/davincic2/catkin_ws/build_debug/catkin_tools_prebuild/CMakeFiles/CMakeTmp/CMakeFiles 1
Building C object CMakeFiles/cmTryCompileExec2192614256.dir/CheckFunctionExists.c.o
/usr/bin/cc   -DCHECK_FUNCTION_EXISTS=pthread_create   -o CMakeFiles/cmTryCompileExec2192614256.dir/CheckFunctionExists.c.o   -c /usr/share/cmake-2.8/Modules/CheckFunctionExists.c
Linking C executable cmTryCompileExec2192614256
/usr/bin/cmake -E cmake_link_script CMakeFiles/cmTryCompileExec2192614256.dir/link.txt --verbose=1
/usr/bin/cc   -DCHECK_FUNCTION_EXISTS=pthread_create    CMakeFiles/cmTryCompileExec2192614256.dir/CheckFunctionExists.c.o  -o cmTryCompileExec2192614256 -rdynamic -lpthreads 
/usr/bin/ld: cannot find -lpthreads
collect2: error: ld returned 1 exit status
make[1]: Leaving directory `/home/davincic2/catkin_ws/build_debug/catkin_tools_prebuild/CMakeFiles/CMakeTmp'
make[1]: *** [cmTryCompileExec2192614256] Error 1
make: *** [cmTryCompileExec2192614256/fast] Error 2


