Determining if the pthread_create exist failed with the following output:
Change Dir: /home/davincic2/catkin_ws/build_release/rqt_dvrk/CMakeFiles/CMakeTmp

Run Build Command:/usr/bin/make "cmTryCompileExec74066440/fast"
/usr/bin/make -f CMakeFiles/cmTryCompileExec74066440.dir/build.make CMakeFiles/cmTryCompileExec74066440.dir/build
make[1]: Entering directory `/home/davincic2/catkin_ws/build_release/rqt_dvrk/CMakeFiles/CMakeTmp'
/usr/bin/cmake -E cmake_progress_report /home/davincic2/catkin_ws/build_release/rqt_dvrk/CMakeFiles/CMakeTmp/CMakeFiles 1
Building C object CMakeFiles/cmTryCompileExec74066440.dir/CheckSymbolExists.c.o
/usr/bin/cc    -o CMakeFiles/cmTryCompileExec74066440.dir/CheckSymbolExists.c.o   -c /home/davincic2/catkin_ws/build_release/rqt_dvrk/CMakeFiles/CMakeTmp/CheckSymbolExists.c
Linking C executable cmTryCompileExec74066440
/usr/bin/cmake -E cmake_link_script CMakeFiles/cmTryCompileExec74066440.dir/link.txt --verbose=1
/usr/bin/cc       CMakeFiles/cmTryCompileExec74066440.dir/CheckSymbolExists.c.o  -o cmTryCompileExec74066440 -rdynamic 
CMakeFiles/cmTryCompileExec74066440.dir/CheckSymbolExists.c.o: In function `main':
CheckSymbolExists.c:(.text+0x16): undefined reference to `pthread_create'
collect2: error: ld returned 1 exit status
make[1]: *** [cmTryCompileExec74066440] Error 1
make[1]: Leaving directory `/home/davincic2/catkin_ws/build_release/rqt_dvrk/CMakeFiles/CMakeTmp'
make: *** [cmTryCompileExec74066440/fast] Error 2

File /home/davincic2/catkin_ws/build_release/rqt_dvrk/CMakeFiles/CMakeTmp/CheckSymbolExists.c:
/* */
#include <pthread.h>

int main(int argc, char** argv)
{
  (void)argv;
#ifndef pthread_create
  return ((int*)(&pthread_create))[argc];
#else
  (void)argc;
  return 0;
#endif
}

Determining if the function pthread_create exists in the pthreads failed with the following output:
Change Dir: /home/davincic2/catkin_ws/build_release/rqt_dvrk/CMakeFiles/CMakeTmp

Run Build Command:/usr/bin/make "cmTryCompileExec1691578999/fast"
/usr/bin/make -f CMakeFiles/cmTryCompileExec1691578999.dir/build.make CMakeFiles/cmTryCompileExec1691578999.dir/build
make[1]: Entering directory `/home/davincic2/catkin_ws/build_release/rqt_dvrk/CMakeFiles/CMakeTmp'
/usr/bin/cmake -E cmake_progress_report /home/davincic2/catkin_ws/build_release/rqt_dvrk/CMakeFiles/CMakeTmp/CMakeFiles 1
Building C object CMakeFiles/cmTryCompileExec1691578999.dir/CheckFunctionExists.c.o
/usr/bin/cc   -DCHECK_FUNCTION_EXISTS=pthread_create   -o CMakeFiles/cmTryCompileExec1691578999.dir/CheckFunctionExists.c.o   -c /usr/share/cmake-2.8/Modules/CheckFunctionExists.c
Linking C executable cmTryCompileExec1691578999
/usr/bin/cmake -E cmake_link_script CMakeFiles/cmTryCompileExec1691578999.dir/link.txt --verbose=1
/usr/bin/cc   -DCHECK_FUNCTION_EXISTS=pthread_create    CMakeFiles/cmTryCompileExec1691578999.dir/CheckFunctionExists.c.o  -o cmTryCompileExec1691578999 -rdynamic -lpthreads 
/usr/bin/ld: cannot find -lpthreads
collect2: error: ld returned 1 exit status
make[1]: *** [cmTryCompileExec1691578999] Error 1
make[1]: Leaving directory `/home/davincic2/catkin_ws/build_release/rqt_dvrk/CMakeFiles/CMakeTmp'
make: *** [cmTryCompileExec1691578999/fast] Error 2


