Determining if the pthread_create exist failed with the following output:
Change Dir: /home/davincic2/catkin_ws/build_release/cisst_msgs/CMakeFiles/CMakeTmp

Run Build Command:/usr/bin/make "cmTryCompileExec2599747451/fast"
/usr/bin/make -f CMakeFiles/cmTryCompileExec2599747451.dir/build.make CMakeFiles/cmTryCompileExec2599747451.dir/build
make[1]: Entering directory `/home/davincic2/catkin_ws/build_release/cisst_msgs/CMakeFiles/CMakeTmp'
/usr/bin/cmake -E cmake_progress_report /home/davincic2/catkin_ws/build_release/cisst_msgs/CMakeFiles/CMakeTmp/CMakeFiles 1
Building C object CMakeFiles/cmTryCompileExec2599747451.dir/CheckSymbolExists.c.o
/usr/bin/cc    -o CMakeFiles/cmTryCompileExec2599747451.dir/CheckSymbolExists.c.o   -c /home/davincic2/catkin_ws/build_release/cisst_msgs/CMakeFiles/CMakeTmp/CheckSymbolExists.c
Linking C executable cmTryCompileExec2599747451
/usr/bin/cmake -E cmake_link_script CMakeFiles/cmTryCompileExec2599747451.dir/link.txt --verbose=1
/usr/bin/cc       CMakeFiles/cmTryCompileExec2599747451.dir/CheckSymbolExists.c.o  -o cmTryCompileExec2599747451 -rdynamic 
CMakeFiles/cmTryCompileExec2599747451.dir/CheckSymbolExists.c.o: In function `main':
CheckSymbolExists.c:(.text+0x16): undefined reference to `pthread_create'
collect2: error: ld returned 1 exit status
make[1]: Leaving directory `/home/davincic2/catkin_ws/build_release/cisst_msgs/CMakeFiles/CMakeTmp'
make[1]: *** [cmTryCompileExec2599747451] Error 1
make: *** [cmTryCompileExec2599747451/fast] Error 2

File /home/davincic2/catkin_ws/build_release/cisst_msgs/CMakeFiles/CMakeTmp/CheckSymbolExists.c:
/* */
#include <pthread.h>

int main(int argc, char** argv)
{
  (void)argv;
#ifndef pthread_create
  return ((int*)(&pthread_create))[argc];
#else
  (void)argc;
  return 0;
#endif
}

Determining if the function pthread_create exists in the pthreads failed with the following output:
Change Dir: /home/davincic2/catkin_ws/build_release/cisst_msgs/CMakeFiles/CMakeTmp

Run Build Command:/usr/bin/make "cmTryCompileExec347556267/fast"
/usr/bin/make -f CMakeFiles/cmTryCompileExec347556267.dir/build.make CMakeFiles/cmTryCompileExec347556267.dir/build
make[1]: Entering directory `/home/davincic2/catkin_ws/build_release/cisst_msgs/CMakeFiles/CMakeTmp'
/usr/bin/cmake -E cmake_progress_report /home/davincic2/catkin_ws/build_release/cisst_msgs/CMakeFiles/CMakeTmp/CMakeFiles 1
Building C object CMakeFiles/cmTryCompileExec347556267.dir/CheckFunctionExists.c.o
/usr/bin/cc   -DCHECK_FUNCTION_EXISTS=pthread_create   -o CMakeFiles/cmTryCompileExec347556267.dir/CheckFunctionExists.c.o   -c /usr/share/cmake-2.8/Modules/CheckFunctionExists.c
Linking C executable cmTryCompileExec347556267
/usr/bin/cmake -E cmake_link_script CMakeFiles/cmTryCompileExec347556267.dir/link.txt --verbose=1
/usr/bin/cc   -DCHECK_FUNCTION_EXISTS=pthread_create    CMakeFiles/cmTryCompileExec347556267.dir/CheckFunctionExists.c.o  -o cmTryCompileExec347556267 -rdynamic -lpthreads 
/usr/bin/ld: cannot find -lpthreads
collect2: error: ld returned 1 exit status
make[1]: Leaving directory `/home/davincic2/catkin_ws/build_release/cisst_msgs/CMakeFiles/CMakeTmp'
make[1]: *** [cmTryCompileExec347556267] Error 1
make: *** [cmTryCompileExec347556267/fast] Error 2


