Determining if the pthread_create exist failed with the following output:
Change Dir: /home/davincic2/catkin_ws/build_release/dvrk_robot/CMakeFiles/CMakeTmp

Run Build Command:/usr/bin/make "cmTryCompileExec656475830/fast"
/usr/bin/make -f CMakeFiles/cmTryCompileExec656475830.dir/build.make CMakeFiles/cmTryCompileExec656475830.dir/build
make[1]: Entering directory `/home/davincic2/catkin_ws/build_release/dvrk_robot/CMakeFiles/CMakeTmp'
/usr/bin/cmake -E cmake_progress_report /home/davincic2/catkin_ws/build_release/dvrk_robot/CMakeFiles/CMakeTmp/CMakeFiles 1
Building C object CMakeFiles/cmTryCompileExec656475830.dir/CheckSymbolExists.c.o
/usr/bin/cc    -o CMakeFiles/cmTryCompileExec656475830.dir/CheckSymbolExists.c.o   -c /home/davincic2/catkin_ws/build_release/dvrk_robot/CMakeFiles/CMakeTmp/CheckSymbolExists.c
Linking C executable cmTryCompileExec656475830
/usr/bin/cmake -E cmake_link_script CMakeFiles/cmTryCompileExec656475830.dir/link.txt --verbose=1
/usr/bin/cc       CMakeFiles/cmTryCompileExec656475830.dir/CheckSymbolExists.c.o  -o cmTryCompileExec656475830 -rdynamic 
CMakeFiles/cmTryCompileExec656475830.dir/CheckSymbolExists.c.o: In function `main':
CheckSymbolExists.c:(.text+0x16): undefined reference to `pthread_create'
collect2: error: ld returned 1 exit status
make[1]: Leaving directory `/home/davincic2/catkin_ws/build_release/dvrk_robot/CMakeFiles/CMakeTmp'
make[1]: *** [cmTryCompileExec656475830] Error 1
make: *** [cmTryCompileExec656475830/fast] Error 2

File /home/davincic2/catkin_ws/build_release/dvrk_robot/CMakeFiles/CMakeTmp/CheckSymbolExists.c:
/* */
#include <pthread.h>

int main(int argc, char** argv)
{
  (void)argv;
#ifndef pthread_create
  return ((int*)(&pthread_create))[argc];
#else
  (void)argc;
  return 0;
#endif
}

Determining if the function pthread_create exists in the pthreads failed with the following output:
Change Dir: /home/davincic2/catkin_ws/build_release/dvrk_robot/CMakeFiles/CMakeTmp

Run Build Command:/usr/bin/make "cmTryCompileExec388975934/fast"
/usr/bin/make -f CMakeFiles/cmTryCompileExec388975934.dir/build.make CMakeFiles/cmTryCompileExec388975934.dir/build
make[1]: Entering directory `/home/davincic2/catkin_ws/build_release/dvrk_robot/CMakeFiles/CMakeTmp'
/usr/bin/cmake -E cmake_progress_report /home/davincic2/catkin_ws/build_release/dvrk_robot/CMakeFiles/CMakeTmp/CMakeFiles 1
Building C object CMakeFiles/cmTryCompileExec388975934.dir/CheckFunctionExists.c.o
/usr/bin/cc   -DCHECK_FUNCTION_EXISTS=pthread_create   -o CMakeFiles/cmTryCompileExec388975934.dir/CheckFunctionExists.c.o   -c /usr/share/cmake-2.8/Modules/CheckFunctionExists.c
Linking C executable cmTryCompileExec388975934
/usr/bin/cmake -E cmake_link_script CMakeFiles/cmTryCompileExec388975934.dir/link.txt --verbose=1
/usr/bin/cc   -DCHECK_FUNCTION_EXISTS=pthread_create    CMakeFiles/cmTryCompileExec388975934.dir/CheckFunctionExists.c.o  -o cmTryCompileExec388975934 -rdynamic -lpthreads 
/usr/bin/ld: cannot find -lpthreads
collect2: error: ld returned 1 exit status
make[1]: Leaving directory `/home/davincic2/catkin_ws/build_release/dvrk_robot/CMakeFiles/CMakeTmp'
make[1]: *** [cmTryCompileExec388975934] Error 1
make: *** [cmTryCompileExec388975934/fast] Error 2


